<?xml version="1.0" encoding="UTF-8"?>
<!-- Generated by org.testng.reporters.JUnitXMLReporter -->
<testsuite hostname="DESKTOP-FU8I58H" ignored="0" name="Command line test" tests="6" failures="0" timestamp="2021-01-05T22:52:19 PST" time="24.775" errors="0">
  <testcase name="test" time="17.43" classname="com.Test.automationpractice_Test"/>
  <testcase name="test" time="7.245" classname="com.Test.googleTest"/>
  <testcase name="test03" time="0.001" classname="com.Test.TestAnnotation"/>
  <testcase name="test04" time="0.0" classname="com.Test.TestAnnotation"/>
  <testcase name="test01" time="0.0" classname="com.Test.TestAnnotation"/>
  <testcase name="test02" time="0.001" classname="com.Test.TestAnnotation"/>
</testsuite> <!-- Command line test -->
